tracker/build-f04-isolated/outputs/logs/manifest-merger-debug-report.txt
-- Merging decision tree log ---
manifest
ADDED from src\main\AndroidManifest.xml:1:1-73:12
INJECTED from src\main\AndroidManifest.xml:1:1-73:12
	package
		INJECTED from src\main\AndroidManifest.xml
	xmlns:tools
		ADDED from src\main\AndroidManifest.xml:2:5-51
	xmlns:android
		ADDED from src\main\AndroidManifest.xml:1:11-69
uses-feature#android.hardware.location.gps
ADDED from src\main\AndroidManifest.xml:4:5-6:36
	android:required
		ADDED from src\main\AndroidManifest.xml:6:9-33
	android:name
		ADDED from src\main\AndroidManifest.xml:5:9-53
uses-feature#android.hardware.telephony
ADDED from src\main\AndroidManifest.xml:7:5-9:36
	android:required
		ADDED from src\main\AndroidManifest.xml:9:9-33
	android:name
		ADDED from src\main\AndroidManifest.xml:8:9-50
uses-feature#android.hardware.wifi
ADDED from src\main\AndroidManifest.xml:10:5-12:36
	android:required
		ADDED from src\main\AndroidManifest.xml:12:9-33
	android:name
		ADDED from src\main\AndroidManifest.xml:11:9-45
uses-feature#android.hardware.sensor.stepcounter
ADDED from src\main\AndroidManifest.xml:13:5-15:36
	android:required
		ADDED from src\main\AndroidManifest.xml:15:9-33
	android:name
		ADDED from src\main\AndroidManifest.xml:14:9-59
uses-permission#android.permission.CHANGE_WIFI_STATE
ADDED from src\main\AndroidManifest.xml:18:5-76
	android:name
		ADDED from src\main\AndroidManifest.xml:18:22-73
uses-permission#android.permission.ACCESS_WIFI_STATE
ADDED from src\main\AndroidManifest.xml:19:5-76
	android:name
		ADDED from src\main\AndroidManifest.xml:19:22-73
uses-permission#android.permission.READ_PHONE_STATE
ADDED from src\main\AndroidManifest.xml:20:5-75
	android:name
		ADDED from src\main\AndroidManifest.xml:20:22-72
uses-permission#android.permission.ACCESS_FINE_LOCATION
ADDED from src\main\AndroidManifest.xml:21:5-79
	android:name
		ADDED from src\main\AndroidManifest.xml:21:22-76
uses-permission#android.permission.ACCESS_COARSE_LOCATION
ADDED from src\main\AndroidManifest.xml:22:5-81
	android:name
		ADDED from src\main\AndroidManifest.xml:22:22-78
uses-permission#android.permission.FOREGROUND_SERVICE
ADDED from src\main\AndroidManifest.xml:23:5-77
	android:name
		ADDED from src\main\AndroidManifest.xml:23:22-74
uses-permission#android.permission.FOREGROUND_SERVICE_LOCATION
ADDED from src\main\AndroidManifest.xml:24:5-86
	android:name
		ADDED from src\main\AndroidManifest.xml:24:22-83
uses-permission#android.permission.FOREGROUND_SERVICE_SPECIAL_USE
ADDED from src\main\AndroidManifest.xml:25:5-89
	android:name
		ADDED from src\main\AndroidManifest.xml:25:22-86
permission#${applicationId}.permission.TRACKER
ADDED from src\main\AndroidManifest.xml:27:5-29:47
	android:protectionLevel
		ADDED from src\main\AndroidManifest.xml:29:9-44
	android:name
		ADDED from src\main\AndroidManifest.xml:28:9-59
application
ADDED from src\main\AndroidManifest.xml:31:5-72:19
service#com.adsamcik.tracker.tracker.service.TrackerService
ADDED from src\main\AndroidManifest.xml:32:9-36:35
	android:exported
		ADDED from src\main\AndroidManifest.xml:34:13-37
	tools:targetApi
		ADDED from src\main\AndroidManifest.xml:36:13-32
	android:foregroundServiceType
		ADDED from src\main\AndroidManifest.xml:35:13-53
	android:name
		ADDED from src\main\AndroidManifest.xml:33:13-79
service#com.adsamcik.tracker.tracker.service.ActivityWatcherService
ADDED from src\main\AndroidManifest.xml:38:9-43:19
	android:exported
		ADDED from src\main\AndroidManifest.xml:41:13-37
	android:foregroundServiceType
		ADDED from src\main\AndroidManifest.xml:40:13-55
	android:name
		ADDED from src\main\AndroidManifest.xml:39:13-87
property#android.app.PROPERTY_SPECIAL_USE_FGS_SUBTYPE
ADDED from src\main\AndroidManifest.xml:42:13-119
	android:value
		ADDED from src\main\AndroidManifest.xml:42:83-117
	android:name
		ADDED from src\main\AndroidManifest.xml:42:23-82
activity#com.adsamcik.tracker.tracker.shortcut.ShortcutActivity
ADDED from src\main\AndroidManifest.xml:45:9-48:45
	android:screenOrientation
		ADDED from src\main\AndroidManifest.xml:47:13-49
	tools:ignore
		ADDED from src\main\AndroidManifest.xml:48:13-42
	android:name
		ADDED from src\main\AndroidManifest.xml:46:13-82
activity#com.adsamcik.tracker.tracker.notification.NotificationManagementActivity
ADDED from src\main\AndroidManifest.xml:49:9-81
	android:name
		ADDED from src\main\AndroidManifest.xml:49:19-78
receiver#com.adsamcik.tracker.tracker.receiver.TrackerNotificationReceiver
ADDED from src\main\AndroidManifest.xml:51:9-57:20
	android:exported
		ADDED from src\main\AndroidManifest.xml:53:13-37
	android:name
		ADDED from src\main\AndroidManifest.xml:52:13-93
intent-filter#action:name:android.intent.action.MAIN
ADDED from src\main\AndroidManifest.xml:54:13-56:29
action#android.intent.action.MAIN
ADDED from src\main\AndroidManifest.xml:55:17-69
	android:name
		ADDED from src\main\AndroidManifest.xml:55:25-66
receiver#com.adsamcik.tracker.tracker.receiver.TrackerTimeUnlockReceiver
ADDED from src\main\AndroidManifest.xml:59:9-61:39
	android:exported
		ADDED from src\main\AndroidManifest.xml:61:13-37
	android:name
		ADDED from src\main\AndroidManifest.xml:60:13-91
receiver#com.adsamcik.tracker.tracker.receiver.TrackerListenerRegistrationReceiver
ADDED from src\main\AndroidManifest.xml:63:9-71:20
	android:exported
		ADDED from src\main\AndroidManifest.xml:65:13-37
	android:permission
		ADDED from src\main\AndroidManifest.xml:66:13-69
	android:name
		ADDED from src\main\AndroidManifest.xml:64:13-101
intent-filter#action:name:com.adsamcik.tracker.listener.REGISTER+action:name:com.adsamcik.tracker.listener.UNREGISTER
ADDED from src\main\AndroidManifest.xml:67:13-70:29
action#com.adsamcik.tracker.listener.REGISTER
ADDED from src\main\AndroidManifest.xml:68:17-81
	android:name
		ADDED from src\main\AndroidManifest.xml:68:25-78
action#com.adsamcik.tracker.listener.UNREGISTER
ADDED from src\main\AndroidManifest.xml:69:17-83
	android:name
		ADDED from src\main\AndroidManifest.xml:69:25-80
uses-sdk
INJECTED from src\main\AndroidManifest.xml reason: use-sdk injection requested
INJECTED from src\main\AndroidManifest.xml
INJECTED from src\main\AndroidManifest.xml
	android:targetSdkVersion
		INJECTED from src\main\AndroidManifest.xml
	android:minSdkVersion
		INJECTED from src\main\AndroidManifest.xml